<?xml version="1.0" encoding="UTF-8"?>
<testng-results skipped="0" failed="0" ignored="0" total="1" passed="1">
  <reporter-output>
  </reporter-output>
  <suite name="Default suite" duration-ms="37" started-at="2018-04-14T06:21:08Z" finished-at="2018-04-14T06:21:08Z">
    <groups>
    </groups>
    <test name="Default test" duration-ms="37" started-at="2018-04-14T06:21:08Z" finished-at="2018-04-14T06:21:08Z">
      <class name="soFi.TMDB.Api.Test.HowToReadProperties">
        <test-method status="PASS" signature="writePropertyFile()[pri:0, instance:soFi.TMDB.Api.Test.HowToReadProperties@146ba0ac]" name="writePropertyFile" duration-ms="9" started-at="2018-04-14T06:21:08Z" finished-at="2018-04-14T06:21:08Z">
          <reporter-output>
          </reporter-output>
        </test-method> <!-- writePropertyFile -->
      </class> <!-- soFi.TMDB.Api.Test.HowToReadProperties -->
    </test> <!-- Default test -->
  </suite> <!-- Default suite -->
</testng-results>
